2019-08-03 18:29:06.158|INFO|org.springframework.web.context.ContextLoader.initWebApplicationContext(ContextLoader.java:307)|Root WebApplicationContext: initialization started
2019-08-03 18:29:06.438|INFO|org.springframework.context.support.AbstractApplicationContext.prepareRefresh(AbstractApplicationContext.java:573)|Refreshing Root WebApplicationContext: startup date [Sat Aug 03 18:29:06 CST 2019]; root of context hierarchy
2019-08-03 18:29:06.567|INFO|org.springframework.beans.factory.xml.XmlBeanDefinitionReader.loadBeanDefinitions(XmlBeanDefinitionReader.java:317)|Loading XML bean definitions from file [D:\Program Files\eclipse\eclipse-Maven1\SSM42\target\classes\spring\spring-context.xml]
2019-08-03 18:29:07.059|INFO|org.springframework.beans.factory.xml.XmlBeanDefinitionReader.loadBeanDefinitions(XmlBeanDefinitionReader.java:317)|Loading XML bean definitions from file [D:\Program Files\eclipse\eclipse-Maven1\SSM42\target\classes\spring\spring-mvc.xml]
2019-08-03 18:29:07.709|WARN|org.mybatis.spring.mapper.ClassPathMapperScanner.doScan(ClassPathMapperScanner.java:155)|No MyBatis mapper was found in '[yfx.dao]' package. Please check your configuration.
2019-08-03 18:29:07.750|INFO|org.springframework.core.io.support.PropertiesLoaderSupport.loadProperties(PropertiesLoaderSupport.java:172)|Loading properties file from class path resource [jdbc.properties]
2019-08-03 18:29:07.767|INFO|org.springframework.beans.factory.annotation.AutowiredAnnotationBeanPostProcessor.<init>(AutowiredAnnotationBeanPostProcessor.java:153)|JSR-330 'javax.inject.Inject' annotation found and supported for autowiring
2019-08-03 18:29:08.047|INFO|org.springframework.jdbc.datasource.DriverManagerDataSource.setDriverClassName(DriverManagerDataSource.java:133)|Loaded JDBC driver: com.mysql.jdbc.Driver
2019-08-03 18:29:08.198|DEBUG|org.mybatis.spring.SqlSessionFactoryBean.buildSqlSessionFactory(SqlSessionFactoryBean.java:358)|Property 'configLocation' not specified, using default MyBatis Configuration
2019-08-03 18:29:08.416|DEBUG|org.mybatis.spring.SqlSessionFactoryBean.buildSqlSessionFactory(SqlSessionFactoryBean.java:379)|Scanned package: 'yfx.model' for aliases
2019-08-03 18:29:08.963|DEBUG|org.mybatis.spring.SqlSessionFactoryBean.buildSqlSessionFactory(SqlSessionFactoryBean.java:473)|Property 'mapperLocations' was not specified or no matching resources found
2019-08-03 18:29:09.739|INFO|org.springframework.web.servlet.mvc.method.annotation.RequestMappingHandlerAdapter.initControllerAdviceCache(RequestMappingHandlerAdapter.java:532)|Looking for @ControllerAdvice: Root WebApplicationContext: startup date [Sat Aug 03 18:29:06 CST 2019]; root of context hierarchy
2019-08-03 18:29:09.878|INFO|org.springframework.web.servlet.mvc.method.annotation.RequestMappingHandlerAdapter.initControllerAdviceCache(RequestMappingHandlerAdapter.java:532)|Looking for @ControllerAdvice: Root WebApplicationContext: startup date [Sat Aug 03 18:29:06 CST 2019]; root of context hierarchy
2019-08-03 18:29:10.077|ERROR|org.springframework.web.context.ContextLoader.initWebApplicationContext(ContextLoader.java:358)|Context initialization failed
java.lang.NoClassDefFoundError: org/apache/commons/fileupload/FileItemFactory
	at java.lang.Class.getDeclaredMethods0(Native Method)
	at java.lang.Class.privateGetDeclaredMethods(Unknown Source)
	at java.lang.Class.getDeclaredMethods(Unknown Source)
	at org.springframework.util.ReflectionUtils.getDeclaredMethods(ReflectionUtils.java:606)
	at org.springframework.util.ReflectionUtils.doWithMethods(ReflectionUtils.java:518)
	at org.springframework.util.ReflectionUtils.doWithMethods(ReflectionUtils.java:504)
	at org.springframework.beans.factory.annotation.AutowiredAnnotationBeanPostProcessor.determineCandidateConstructors(AutowiredAnnotationBeanPostProcessor.java:241)
	at org.springframework.beans.factory.support.AbstractAutowireCapableBeanFactory.determineConstructorsFromBeanPostProcessors(AbstractAutowireCapableBeanFactory.java:1069)
	at org.springframework.beans.factory.support.AbstractAutowireCapableBeanFactory.createBeanInstance(AbstractAutowireCapableBeanFactory.java:1042)
	at org.springframework.beans.factory.support.AbstractAutowireCapableBeanFactory.doCreateBean(AbstractAutowireCapableBeanFactory.java:510)
	at org.springframework.beans.factory.support.AbstractAutowireCapableBeanFactory.createBean(AbstractAutowireCapableBeanFactory.java:482)
	at org.springframework.beans.factory.support.AbstractBeanFactory$1.getObject(AbstractBeanFactory.java:305)
	at org.springframework.beans.factory.support.DefaultSingletonBeanRegistry.getSingleton(DefaultSingletonBeanRegistry.java:230)
	at org.springframework.beans.factory.support.AbstractBeanFactory.doGetBean(AbstractBeanFactory.java:301)
	at org.springframework.beans.factory.support.AbstractBeanFactory.getBean(AbstractBeanFactory.java:196)
	at org.springframework.beans.factory.support.DefaultListableBeanFactory.preInstantiateSingletons(DefaultListableBeanFactory.java:772)
	at org.springframework.context.support.AbstractApplicationContext.finishBeanFactoryInitialization(AbstractApplicationContext.java:834)
	at org.springframework.context.support.AbstractApplicationContext.refresh(AbstractApplicationContext.java:537)
	at org.springframework.web.context.ContextLoader.configureAndRefreshWebApplicationContext(ContextLoader.java:446)
	at org.springframework.web.context.ContextLoader.initWebApplicationContext(ContextLoader.java:328)
	at org.springframework.web.context.ContextLoaderListener.contextInitialized(ContextLoaderListener.java:107)
	at org.apache.catalina.core.StandardContext.listenerStart(StandardContext.java:4939)
	at org.apache.catalina.core.StandardContext.startInternal(StandardContext.java:5434)
	at org.apache.catalina.util.LifecycleBase.start(LifecycleBase.java:150)
	at org.apache.catalina.core.ContainerBase$StartChild.call(ContainerBase.java:1559)
	at org.apache.catalina.core.ContainerBase$StartChild.call(ContainerBase.java:1549)
	at java.util.concurrent.FutureTask.run(Unknown Source)
	at java.util.concurrent.ThreadPoolExecutor.runWorker(Unknown Source)
	at java.util.concurrent.ThreadPoolExecutor$Worker.run(Unknown Source)
	at java.lang.Thread.run(Unknown Source)
Caused by: java.lang.ClassNotFoundException: org.apache.commons.fileupload.FileItemFactory
	at org.apache.catalina.loader.WebappClassLoader.loadClass(WebappClassLoader.java:1702)
	at org.apache.catalina.loader.WebappClassLoader.loadClass(WebappClassLoader.java:1547)
	... 30 more
2019-08-03 18:29:10.093|INFO|org.springframework.context.support.AbstractApplicationContext.doClose(AbstractApplicationContext.java:951)|Closing Root WebApplicationContext: startup date [Sat Aug 03 18:29:06 CST 2019]; root of context hierarchy
2019-08-03 18:29:10.104|WARN|org.springframework.context.support.AbstractApplicationContext.doClose(AbstractApplicationContext.java:969)|Exception thrown from LifecycleProcessor on context close
java.lang.IllegalStateException: LifecycleProcessor not initialized - call 'refresh' before invoking lifecycle methods via the context: Root WebApplicationContext: startup date [Sat Aug 03 18:29:06 CST 2019]; root of context hierarchy
	at org.springframework.context.support.AbstractApplicationContext.getLifecycleProcessor(AbstractApplicationContext.java:414)
	at org.springframework.context.support.AbstractApplicationContext.doClose(AbstractApplicationContext.java:966)
	at org.springframework.context.support.AbstractApplicationContext.close(AbstractApplicationContext.java:925)
	at org.springframework.web.context.ContextLoader.closeWebApplicationContext(ContextLoader.java:583)
	at org.springframework.web.context.ContextLoaderListener.contextDestroyed(ContextLoaderListener.java:116)
	at org.apache.catalina.core.StandardContext.listenerStop(StandardContext.java:4980)
	at org.apache.catalina.core.StandardContext.stopInternal(StandardContext.java:5626)
	at org.apache.catalina.util.LifecycleBase.stop(LifecycleBase.java:232)
	at org.apache.catalina.util.LifecycleBase.start(LifecycleBase.java:160)
	at org.apache.catalina.core.ContainerBase$StartChild.call(ContainerBase.java:1559)
	at org.apache.catalina.core.ContainerBase$StartChild.call(ContainerBase.java:1549)
	at java.util.concurrent.FutureTask.run(Unknown Source)
	at java.util.concurrent.ThreadPoolExecutor.runWorker(Unknown Source)
	at java.util.concurrent.ThreadPoolExecutor$Worker.run(Unknown Source)
	at java.lang.Thread.run(Unknown Source)
2019-08-03 18:32:41.708|INFO|org.springframework.web.context.ContextLoader.initWebApplicationContext(ContextLoader.java:307)|Root WebApplicationContext: initialization started
2019-08-03 18:32:42.044|INFO|org.springframework.context.support.AbstractApplicationContext.prepareRefresh(AbstractApplicationContext.java:573)|Refreshing Root WebApplicationContext: startup date [Sat Aug 03 18:32:42 CST 2019]; root of context hierarchy
2019-08-03 18:32:42.175|INFO|org.springframework.beans.factory.xml.XmlBeanDefinitionReader.loadBeanDefinitions(XmlBeanDefinitionReader.java:317)|Loading XML bean definitions from file [D:\Program Files\eclipse\eclipse-Maven1\SSM42\target\classes\spring\spring-context.xml]
2019-08-03 18:32:42.709|INFO|org.springframework.beans.factory.xml.XmlBeanDefinitionReader.loadBeanDefinitions(XmlBeanDefinitionReader.java:317)|Loading XML bean definitions from file [D:\Program Files\eclipse\eclipse-Maven1\SSM42\target\classes\spring\spring-mvc.xml]
2019-08-03 18:32:42.998|INFO|org.springframework.web.context.ContextLoader.initWebApplicationContext(ContextLoader.java:307)|Root WebApplicationContext: initialization started
2019-08-03 18:32:43.262|INFO|org.springframework.context.support.AbstractApplicationContext.prepareRefresh(AbstractApplicationContext.java:573)|Refreshing Root WebApplicationContext: startup date [Sat Aug 03 18:32:43 CST 2019]; root of context hierarchy
2019-08-03 18:32:43.432|INFO|org.springframework.beans.factory.xml.XmlBeanDefinitionReader.loadBeanDefinitions(XmlBeanDefinitionReader.java:317)|Loading XML bean definitions from file [D:\Program Files\eclipse\eclipse-Maven1\SSM42\target\classes\spring\spring-context.xml]
2019-08-03 18:32:43.526|WARN|org.mybatis.spring.mapper.ClassPathMapperScanner.doScan(ClassPathMapperScanner.java:155)|No MyBatis mapper was found in '[yfx.dao]' package. Please check your configuration.
2019-08-03 18:32:43.572|INFO|org.springframework.core.io.support.PropertiesLoaderSupport.loadProperties(PropertiesLoaderSupport.java:172)|Loading properties file from class path resource [jdbc.properties]
2019-08-03 18:32:43.596|INFO|org.springframework.beans.factory.annotation.AutowiredAnnotationBeanPostProcessor.<init>(AutowiredAnnotationBeanPostProcessor.java:153)|JSR-330 'javax.inject.Inject' annotation found and supported for autowiring
2019-08-03 18:32:43.947|INFO|org.springframework.jdbc.datasource.DriverManagerDataSource.setDriverClassName(DriverManagerDataSource.java:133)|Loaded JDBC driver: com.mysql.jdbc.Driver
2019-08-03 18:32:44.209|DEBUG|org.mybatis.spring.SqlSessionFactoryBean.buildSqlSessionFactory(SqlSessionFactoryBean.java:358)|Property 'configLocation' not specified, using default MyBatis Configuration
2019-08-03 18:32:44.275|INFO|org.springframework.beans.factory.xml.XmlBeanDefinitionReader.loadBeanDefinitions(XmlBeanDefinitionReader.java:317)|Loading XML bean definitions from file [D:\Program Files\eclipse\eclipse-Maven1\SSM42\target\classes\spring\spring-mvc.xml]
2019-08-03 18:32:44.544|DEBUG|org.mybatis.spring.SqlSessionFactoryBean.buildSqlSessionFactory(SqlSessionFactoryBean.java:379)|Scanned package: 'yfx.model' for aliases
2019-08-03 18:32:45.325|DEBUG|org.mybatis.spring.SqlSessionFactoryBean.buildSqlSessionFactory(SqlSessionFactoryBean.java:473)|Property 'mapperLocations' was not specified or no matching resources found
2019-08-03 18:32:45.376|WARN|org.mybatis.spring.mapper.ClassPathMapperScanner.doScan(ClassPathMapperScanner.java:155)|No MyBatis mapper was found in '[yfx.dao]' package. Please check your configuration.
2019-08-03 18:32:45.427|INFO|org.springframework.core.io.support.PropertiesLoaderSupport.loadProperties(PropertiesLoaderSupport.java:172)|Loading properties file from class path resource [jdbc.properties]
2019-08-03 18:32:45.444|INFO|org.springframework.beans.factory.annotation.AutowiredAnnotationBeanPostProcessor.<init>(AutowiredAnnotationBeanPostProcessor.java:153)|JSR-330 'javax.inject.Inject' annotation found and supported for autowiring
2019-08-03 18:32:45.700|INFO|org.springframework.jdbc.datasource.DriverManagerDataSource.setDriverClassName(DriverManagerDataSource.java:133)|Loaded JDBC driver: com.mysql.jdbc.Driver
2019-08-03 18:32:45.846|DEBUG|org.mybatis.spring.SqlSessionFactoryBean.buildSqlSessionFactory(SqlSessionFactoryBean.java:358)|Property 'configLocation' not specified, using default MyBatis Configuration
2019-08-03 18:32:46.204|INFO|org.springframework.web.servlet.mvc.method.annotation.RequestMappingHandlerAdapter.initControllerAdviceCache(RequestMappingHandlerAdapter.java:532)|Looking for @ControllerAdvice: Root WebApplicationContext: startup date [Sat Aug 03 18:32:42 CST 2019]; root of context hierarchy
2019-08-03 18:32:46.351|INFO|org.springframework.web.servlet.mvc.method.annotation.RequestMappingHandlerAdapter.initControllerAdviceCache(RequestMappingHandlerAdapter.java:532)|Looking for @ControllerAdvice: Root WebApplicationContext: startup date [Sat Aug 03 18:32:42 CST 2019]; root of context hierarchy
2019-08-03 18:32:46.675|INFO|org.springframework.web.context.ContextLoader.initWebApplicationContext(ContextLoader.java:347)|Root WebApplicationContext: initialization completed in 4961 ms
2019-08-03 18:32:46.777|INFO|org.springframework.web.servlet.FrameworkServlet.initServletBean(FrameworkServlet.java:488)|FrameworkServlet 'springMVC': initialization started
2019-08-03 18:32:46.786|INFO|org.springframework.context.support.AbstractApplicationContext.prepareRefresh(AbstractApplicationContext.java:573)|Refreshing WebApplicationContext for namespace 'springMVC-servlet': startup date [Sat Aug 03 18:32:46 CST 2019]; parent: Root WebApplicationContext
2019-08-03 18:32:46.791|INFO|org.springframework.beans.factory.xml.XmlBeanDefinitionReader.loadBeanDefinitions(XmlBeanDefinitionReader.java:317)|Loading XML bean definitions from file [D:\Program Files\eclipse\eclipse-Maven1\SSM42\target\classes\spring\spring-context.xml]
2019-08-03 18:32:46.892|INFO|org.springframework.beans.factory.xml.XmlBeanDefinitionReader.loadBeanDefinitions(XmlBeanDefinitionReader.java:317)|Loading XML bean definitions from file [D:\Program Files\eclipse\eclipse-Maven1\SSM42\target\classes\spring\spring-mvc.xml]
2019-08-03 18:32:46.996|WARN|org.mybatis.spring.mapper.ClassPathMapperScanner.doScan(ClassPathMapperScanner.java:155)|No MyBatis mapper was found in '[yfx.dao]' package. Please check your configuration.
2019-08-03 18:32:47.003|INFO|org.springframework.core.io.support.PropertiesLoaderSupport.loadProperties(PropertiesLoaderSupport.java:172)|Loading properties file from class path resource [jdbc.properties]
2019-08-03 18:32:47.010|INFO|org.springframework.beans.factory.annotation.AutowiredAnnotationBeanPostProcessor.<init>(AutowiredAnnotationBeanPostProcessor.java:153)|JSR-330 'javax.inject.Inject' annotation found and supported for autowiring
2019-08-03 18:32:47.032|INFO|org.springframework.jdbc.datasource.DriverManagerDataSource.setDriverClassName(DriverManagerDataSource.java:133)|Loaded JDBC driver: com.mysql.jdbc.Driver
2019-08-03 18:32:47.051|DEBUG|org.mybatis.spring.SqlSessionFactoryBean.buildSqlSessionFactory(SqlSessionFactoryBean.java:358)|Property 'configLocation' not specified, using default MyBatis Configuration
2019-08-03 18:32:47.055|DEBUG|org.mybatis.spring.SqlSessionFactoryBean.buildSqlSessionFactory(SqlSessionFactoryBean.java:379)|Scanned package: 'yfx.model' for aliases
2019-08-03 18:32:47.072|DEBUG|org.mybatis.spring.SqlSessionFactoryBean.buildSqlSessionFactory(SqlSessionFactoryBean.java:473)|Property 'mapperLocations' was not specified or no matching resources found
2019-08-03 18:32:47.183|INFO|org.springframework.web.servlet.mvc.method.annotation.RequestMappingHandlerAdapter.initControllerAdviceCache(RequestMappingHandlerAdapter.java:532)|Looking for @ControllerAdvice: WebApplicationContext for namespace 'springMVC-servlet': startup date [Sat Aug 03 18:32:46 CST 2019]; parent: Root WebApplicationContext
2019-08-03 18:32:47.224|INFO|org.springframework.web.servlet.mvc.method.annotation.RequestMappingHandlerAdapter.initControllerAdviceCache(RequestMappingHandlerAdapter.java:532)|Looking for @ControllerAdvice: WebApplicationContext for namespace 'springMVC-servlet': startup date [Sat Aug 03 18:32:46 CST 2019]; parent: Root WebApplicationContext
2019-08-03 18:32:47.497|INFO|org.springframework.web.servlet.FrameworkServlet.initServletBean(FrameworkServlet.java:507)|FrameworkServlet 'springMVC': initialization completed in 719 ms
2019-08-03 18:37:22.227|INFO|org.springframework.web.context.ContextLoader.initWebApplicationContext(ContextLoader.java:307)|Root WebApplicationContext: initialization started
2019-08-03 18:37:22.514|INFO|org.springframework.context.support.AbstractApplicationContext.prepareRefresh(AbstractApplicationContext.java:573)|Refreshing Root WebApplicationContext: startup date [Sat Aug 03 18:37:22 CST 2019]; root of context hierarchy
2019-08-03 18:37:22.655|INFO|org.springframework.beans.factory.xml.XmlBeanDefinitionReader.loadBeanDefinitions(XmlBeanDefinitionReader.java:317)|Loading XML bean definitions from file [D:\Program Files\eclipse\eclipse-Maven1\SSM42\target\classes\spring\spring-context.xml]
2019-08-03 18:37:23.107|INFO|org.springframework.beans.factory.xml.XmlBeanDefinitionReader.loadBeanDefinitions(XmlBeanDefinitionReader.java:317)|Loading XML bean definitions from file [D:\Program Files\eclipse\eclipse-Maven1\SSM42\target\classes\spring\spring-mvc.xml]
2019-08-03 18:37:23.747|WARN|org.mybatis.spring.mapper.ClassPathMapperScanner.doScan(ClassPathMapperScanner.java:155)|No MyBatis mapper was found in '[yfx.dao]' package. Please check your configuration.
2019-08-03 18:37:23.778|INFO|org.springframework.core.io.support.PropertiesLoaderSupport.loadProperties(PropertiesLoaderSupport.java:172)|Loading properties file from class path resource [jdbc.properties]
2019-08-03 18:37:23.794|INFO|org.springframework.beans.factory.annotation.AutowiredAnnotationBeanPostProcessor.<init>(AutowiredAnnotationBeanPostProcessor.java:153)|JSR-330 'javax.inject.Inject' annotation found and supported for autowiring
2019-08-03 18:37:24.059|INFO|org.springframework.jdbc.datasource.DriverManagerDataSource.setDriverClassName(DriverManagerDataSource.java:133)|Loaded JDBC driver: com.mysql.jdbc.Driver
2019-08-03 18:37:24.210|DEBUG|org.mybatis.spring.SqlSessionFactoryBean.buildSqlSessionFactory(SqlSessionFactoryBean.java:358)|Property 'configLocation' not specified, using default MyBatis Configuration
2019-08-03 18:37:24.452|DEBUG|org.mybatis.spring.SqlSessionFactoryBean.buildSqlSessionFactory(SqlSessionFactoryBean.java:379)|Scanned package: 'yfx.model' for aliases
2019-08-03 18:37:24.973|DEBUG|org.mybatis.spring.SqlSessionFactoryBean.buildSqlSessionFactory(SqlSessionFactoryBean.java:473)|Property 'mapperLocations' was not specified or no matching resources found
2019-08-03 18:37:25.764|INFO|org.springframework.web.servlet.mvc.method.annotation.RequestMappingHandlerAdapter.initControllerAdviceCache(RequestMappingHandlerAdapter.java:532)|Looking for @ControllerAdvice: Root WebApplicationContext: startup date [Sat Aug 03 18:37:22 CST 2019]; root of context hierarchy
2019-08-03 18:37:25.945|INFO|org.springframework.web.servlet.mvc.method.annotation.RequestMappingHandlerAdapter.initControllerAdviceCache(RequestMappingHandlerAdapter.java:532)|Looking for @ControllerAdvice: Root WebApplicationContext: startup date [Sat Aug 03 18:37:22 CST 2019]; root of context hierarchy
2019-08-03 18:37:26.264|INFO|org.springframework.web.context.ContextLoader.initWebApplicationContext(ContextLoader.java:347)|Root WebApplicationContext: initialization completed in 4031 ms
2019-08-03 18:37:26.367|INFO|org.springframework.web.servlet.FrameworkServlet.initServletBean(FrameworkServlet.java:488)|FrameworkServlet 'springMVC': initialization started
2019-08-03 18:37:26.606|INFO|org.springframework.context.support.AbstractApplicationContext.prepareRefresh(AbstractApplicationContext.java:573)|Refreshing WebApplicationContext for namespace 'springMVC-servlet': startup date [Sat Aug 03 18:37:26 CST 2019]; parent: Root WebApplicationContext
2019-08-03 18:37:26.611|INFO|org.springframework.beans.factory.xml.XmlBeanDefinitionReader.loadBeanDefinitions(XmlBeanDefinitionReader.java:317)|Loading XML bean definitions from file [D:\Program Files\eclipse\eclipse-Maven1\SSM42\target\classes\spring\spring-context.xml]
2019-08-03 18:37:26.703|INFO|org.springframework.beans.factory.xml.XmlBeanDefinitionReader.loadBeanDefinitions(XmlBeanDefinitionReader.java:317)|Loading XML bean definitions from file [D:\Program Files\eclipse\eclipse-Maven1\SSM42\target\classes\spring\spring-mvc.xml]
2019-08-03 18:37:26.780|WARN|org.mybatis.spring.mapper.ClassPathMapperScanner.doScan(ClassPathMapperScanner.java:155)|No MyBatis mapper was found in '[yfx.dao]' package. Please check your configuration.
2019-08-03 18:37:26.786|INFO|org.springframework.core.io.support.PropertiesLoaderSupport.loadProperties(PropertiesLoaderSupport.java:172)|Loading properties file from class path resource [jdbc.properties]
2019-08-03 18:37:26.794|INFO|org.springframework.beans.factory.annotation.AutowiredAnnotationBeanPostProcessor.<init>(AutowiredAnnotationBeanPostProcessor.java:153)|JSR-330 'javax.inject.Inject' annotation found and supported for autowiring
2019-08-03 18:37:26.817|INFO|org.springframework.jdbc.datasource.DriverManagerDataSource.setDriverClassName(DriverManagerDataSource.java:133)|Loaded JDBC driver: com.mysql.jdbc.Driver
2019-08-03 18:37:26.832|DEBUG|org.mybatis.spring.SqlSessionFactoryBean.buildSqlSessionFactory(SqlSessionFactoryBean.java:358)|Property 'configLocation' not specified, using default MyBatis Configuration
2019-08-03 18:37:26.837|DEBUG|org.mybatis.spring.SqlSessionFactoryBean.buildSqlSessionFactory(SqlSessionFactoryBean.java:379)|Scanned package: 'yfx.model' for aliases
2019-08-03 18:37:26.855|DEBUG|org.mybatis.spring.SqlSessionFactoryBean.buildSqlSessionFactory(SqlSessionFactoryBean.java:473)|Property 'mapperLocations' was not specified or no matching resources found
2019-08-03 18:37:26.960|INFO|org.springframework.web.servlet.mvc.method.annotation.RequestMappingHandlerAdapter.initControllerAdviceCache(RequestMappingHandlerAdapter.java:532)|Looking for @ControllerAdvice: WebApplicationContext for namespace 'springMVC-servlet': startup date [Sat Aug 03 18:37:26 CST 2019]; parent: Root WebApplicationContext
2019-08-03 18:37:27.003|INFO|org.springframework.web.servlet.mvc.method.annotation.RequestMappingHandlerAdapter.initControllerAdviceCache(RequestMappingHandlerAdapter.java:532)|Looking for @ControllerAdvice: WebApplicationContext for namespace 'springMVC-servlet': startup date [Sat Aug 03 18:37:26 CST 2019]; parent: Root WebApplicationContext
2019-08-03 18:37:27.159|INFO|org.springframework.web.servlet.FrameworkServlet.initServletBean(FrameworkServlet.java:507)|FrameworkServlet 'springMVC': initialization completed in 791 ms
2019-08-03 18:44:00.894|INFO|org.springframework.web.context.ContextLoader.initWebApplicationContext(ContextLoader.java:307)|Root WebApplicationContext: initialization started
2019-08-03 18:44:01.238|INFO|org.springframework.context.support.AbstractApplicationContext.prepareRefresh(AbstractApplicationContext.java:573)|Refreshing Root WebApplicationContext: startup date [Sat Aug 03 18:44:01 CST 2019]; root of context hierarchy
2019-08-03 18:44:01.380|INFO|org.springframework.beans.factory.xml.XmlBeanDefinitionReader.loadBeanDefinitions(XmlBeanDefinitionReader.java:317)|Loading XML bean definitions from file [D:\Program Files\eclipse\eclipse-Maven1\SSM42\target\classes\spring\spring-context.xml]
2019-08-03 18:44:01.926|INFO|org.springframework.beans.factory.xml.XmlBeanDefinitionReader.loadBeanDefinitions(XmlBeanDefinitionReader.java:317)|Loading XML bean definitions from file [D:\Program Files\eclipse\eclipse-Maven1\SSM42\target\classes\spring\spring-mvc.xml]
2019-08-03 18:44:02.937|WARN|org.mybatis.spring.mapper.ClassPathMapperScanner.doScan(ClassPathMapperScanner.java:155)|No MyBatis mapper was found in '[yfx.dao]' package. Please check your configuration.
2019-08-03 18:44:02.975|INFO|org.springframework.core.io.support.PropertiesLoaderSupport.loadProperties(PropertiesLoaderSupport.java:172)|Loading properties file from class path resource [jdbc.properties]
2019-08-03 18:44:02.993|INFO|org.springframework.beans.factory.annotation.AutowiredAnnotationBeanPostProcessor.<init>(AutowiredAnnotationBeanPostProcessor.java:153)|JSR-330 'javax.inject.Inject' annotation found and supported for autowiring
2019-08-03 18:44:03.346|INFO|org.springframework.jdbc.datasource.DriverManagerDataSource.setDriverClassName(DriverManagerDataSource.java:133)|Loaded JDBC driver: com.mysql.jdbc.Driver
2019-08-03 18:44:03.537|DEBUG|org.mybatis.spring.SqlSessionFactoryBean.buildSqlSessionFactory(SqlSessionFactoryBean.java:358)|Property 'configLocation' not specified, using default MyBatis Configuration
2019-08-03 18:44:03.886|DEBUG|org.mybatis.spring.SqlSessionFactoryBean.buildSqlSessionFactory(SqlSessionFactoryBean.java:379)|Scanned package: 'yfx.model' for aliases
2019-08-03 18:44:04.518|DEBUG|org.mybatis.spring.SqlSessionFactoryBean.buildSqlSessionFactory(SqlSessionFactoryBean.java:473)|Property 'mapperLocations' was not specified or no matching resources found
2019-08-03 18:44:05.067|INFO|org.springframework.web.servlet.handler.AbstractHandlerMethodMapping$MappingRegistry.register(AbstractHandlerMethodMapping.java:532)|Mapped "{[/login]}" onto public java.lang.String yfx.controller.LoginController.LoginTesT(yfx.model.User)
2019-08-03 18:44:05.490|INFO|org.springframework.web.servlet.mvc.method.annotation.RequestMappingHandlerAdapter.initControllerAdviceCache(RequestMappingHandlerAdapter.java:532)|Looking for @ControllerAdvice: Root WebApplicationContext: startup date [Sat Aug 03 18:44:01 CST 2019]; root of context hierarchy
2019-08-03 18:44:05.678|INFO|org.springframework.web.servlet.mvc.method.annotation.RequestMappingHandlerAdapter.initControllerAdviceCache(RequestMappingHandlerAdapter.java:532)|Looking for @ControllerAdvice: Root WebApplicationContext: startup date [Sat Aug 03 18:44:01 CST 2019]; root of context hierarchy
2019-08-03 18:44:06.172|INFO|org.springframework.web.context.ContextLoader.initWebApplicationContext(ContextLoader.java:347)|Root WebApplicationContext: initialization completed in 5270 ms
2019-08-03 18:44:06.348|INFO|org.springframework.web.servlet.FrameworkServlet.initServletBean(FrameworkServlet.java:488)|FrameworkServlet 'springMVC': initialization started
2019-08-03 18:44:06.369|INFO|org.springframework.context.support.AbstractApplicationContext.prepareRefresh(AbstractApplicationContext.java:573)|Refreshing WebApplicationContext for namespace 'springMVC-servlet': startup date [Sat Aug 03 18:44:06 CST 2019]; parent: Root WebApplicationContext
2019-08-03 18:44:06.382|INFO|org.springframework.beans.factory.xml.XmlBeanDefinitionReader.loadBeanDefinitions(XmlBeanDefinitionReader.java:317)|Loading XML bean definitions from file [D:\Program Files\eclipse\eclipse-Maven1\SSM42\target\classes\spring\spring-context.xml]
2019-08-03 18:44:06.539|INFO|org.springframework.beans.factory.xml.XmlBeanDefinitionReader.loadBeanDefinitions(XmlBeanDefinitionReader.java:317)|Loading XML bean definitions from file [D:\Program Files\eclipse\eclipse-Maven1\SSM42\target\classes\spring\spring-mvc.xml]
2019-08-03 18:44:06.671|WARN|org.mybatis.spring.mapper.ClassPathMapperScanner.doScan(ClassPathMapperScanner.java:155)|No MyBatis mapper was found in '[yfx.dao]' package. Please check your configuration.
2019-08-03 18:44:06.679|INFO|org.springframework.core.io.support.PropertiesLoaderSupport.loadProperties(PropertiesLoaderSupport.java:172)|Loading properties file from class path resource [jdbc.properties]
2019-08-03 18:44:06.689|INFO|org.springframework.beans.factory.annotation.AutowiredAnnotationBeanPostProcessor.<init>(AutowiredAnnotationBeanPostProcessor.java:153)|JSR-330 'javax.inject.Inject' annotation found and supported for autowiring
2019-08-03 18:44:06.729|INFO|org.springframework.jdbc.datasource.DriverManagerDataSource.setDriverClassName(DriverManagerDataSource.java:133)|Loaded JDBC driver: com.mysql.jdbc.Driver
2019-08-03 18:44:06.755|DEBUG|org.mybatis.spring.SqlSessionFactoryBean.buildSqlSessionFactory(SqlSessionFactoryBean.java:358)|Property 'configLocation' not specified, using default MyBatis Configuration
2019-08-03 18:44:06.765|DEBUG|org.mybatis.spring.SqlSessionFactoryBean.buildSqlSessionFactory(SqlSessionFactoryBean.java:379)|Scanned package: 'yfx.model' for aliases
2019-08-03 18:44:06.781|DEBUG|org.mybatis.spring.SqlSessionFactoryBean.buildSqlSessionFactory(SqlSessionFactoryBean.java:473)|Property 'mapperLocations' was not specified or no matching resources found
2019-08-03 18:44:06.828|INFO|org.springframework.web.servlet.handler.AbstractHandlerMethodMapping$MappingRegistry.register(AbstractHandlerMethodMapping.java:532)|Mapped "{[/login]}" onto public java.lang.String yfx.controller.LoginController.LoginTesT(yfx.model.User)
2019-08-03 18:44:06.895|INFO|org.springframework.web.servlet.mvc.method.annotation.RequestMappingHandlerAdapter.initControllerAdviceCache(RequestMappingHandlerAdapter.java:532)|Looking for @ControllerAdvice: WebApplicationContext for namespace 'springMVC-servlet': startup date [Sat Aug 03 18:44:06 CST 2019]; parent: Root WebApplicationContext
2019-08-03 18:44:06.936|INFO|org.springframework.web.servlet.mvc.method.annotation.RequestMappingHandlerAdapter.initControllerAdviceCache(RequestMappingHandlerAdapter.java:532)|Looking for @ControllerAdvice: WebApplicationContext for namespace 'springMVC-servlet': startup date [Sat Aug 03 18:44:06 CST 2019]; parent: Root WebApplicationContext
2019-08-03 18:44:07.154|INFO|org.springframework.web.servlet.FrameworkServlet.initServletBean(FrameworkServlet.java:507)|FrameworkServlet 'springMVC': initialization completed in 804 ms
2019-08-03 18:46:20.918|WARN|org.springframework.web.servlet.DispatcherServlet.noHandlerFound(DispatcherServlet.java:1136)|No mapping found for HTTP request with URI [/favicon.ico] in DispatcherServlet with name 'springMVC'
2019-08-03 18:56:29.589|INFO|org.springframework.web.context.ContextLoader.initWebApplicationContext(ContextLoader.java:307)|Root WebApplicationContext: initialization started
2019-08-03 18:56:29.902|INFO|org.springframework.context.support.AbstractApplicationContext.prepareRefresh(AbstractApplicationContext.java:573)|Refreshing Root WebApplicationContext: startup date [Sat Aug 03 18:56:29 CST 2019]; root of context hierarchy
2019-08-03 18:56:30.049|INFO|org.springframework.beans.factory.xml.XmlBeanDefinitionReader.loadBeanDefinitions(XmlBeanDefinitionReader.java:317)|Loading XML bean definitions from file [D:\Program Files\eclipse\eclipse-Maven1\SSM42\target\classes\spring\spring-context.xml]
2019-08-03 18:56:30.610|INFO|org.springframework.beans.factory.xml.XmlBeanDefinitionReader.loadBeanDefinitions(XmlBeanDefinitionReader.java:317)|Loading XML bean definitions from file [D:\Program Files\eclipse\eclipse-Maven1\SSM42\target\classes\spring\spring-mvc.xml]
2019-08-03 18:56:31.551|WARN|org.mybatis.spring.mapper.ClassPathMapperScanner.doScan(ClassPathMapperScanner.java:155)|No MyBatis mapper was found in '[yfx.dao]' package. Please check your configuration.
2019-08-03 18:56:31.587|INFO|org.springframework.core.io.support.PropertiesLoaderSupport.loadProperties(PropertiesLoaderSupport.java:172)|Loading properties file from class path resource [jdbc.properties]
2019-08-03 18:56:31.636|INFO|org.springframework.beans.factory.annotation.AutowiredAnnotationBeanPostProcessor.<init>(AutowiredAnnotationBeanPostProcessor.java:153)|JSR-330 'javax.inject.Inject' annotation found and supported for autowiring
2019-08-03 18:56:32.002|INFO|org.springframework.jdbc.datasource.DriverManagerDataSource.setDriverClassName(DriverManagerDataSource.java:133)|Loaded JDBC driver: com.mysql.jdbc.Driver
2019-08-03 18:56:32.280|DEBUG|org.mybatis.spring.SqlSessionFactoryBean.buildSqlSessionFactory(SqlSessionFactoryBean.java:358)|Property 'configLocation' not specified, using default MyBatis Configuration
2019-08-03 18:56:32.710|DEBUG|org.mybatis.spring.SqlSessionFactoryBean.buildSqlSessionFactory(SqlSessionFactoryBean.java:379)|Scanned package: 'yfx.model' for aliases
2019-08-03 18:56:33.505|DEBUG|org.mybatis.spring.SqlSessionFactoryBean.buildSqlSessionFactory(SqlSessionFactoryBean.java:473)|Property 'mapperLocations' was not specified or no matching resources found
2019-08-03 18:56:34.208|INFO|org.springframework.web.servlet.handler.AbstractHandlerMethodMapping$MappingRegistry.register(AbstractHandlerMethodMapping.java:532)|Mapped "{[/login]}" onto public java.lang.String yfx.controller.LoginController.LoginTesT(yfx.model.User)
2019-08-03 18:56:34.855|INFO|org.springframework.web.servlet.mvc.method.annotation.RequestMappingHandlerAdapter.initControllerAdviceCache(RequestMappingHandlerAdapter.java:532)|Looking for @ControllerAdvice: Root WebApplicationContext: startup date [Sat Aug 03 18:56:29 CST 2019]; root of context hierarchy
2019-08-03 18:56:35.094|INFO|org.springframework.web.servlet.mvc.method.annotation.RequestMappingHandlerAdapter.initControllerAdviceCache(RequestMappingHandlerAdapter.java:532)|Looking for @ControllerAdvice: Root WebApplicationContext: startup date [Sat Aug 03 18:56:29 CST 2019]; root of context hierarchy
2019-08-03 18:56:35.623|INFO|org.springframework.web.context.ContextLoader.initWebApplicationContext(ContextLoader.java:347)|Root WebApplicationContext: initialization completed in 6026 ms
2019-08-03 18:56:35.929|INFO|org.springframework.web.servlet.FrameworkServlet.initServletBean(FrameworkServlet.java:488)|FrameworkServlet 'springMVC': initialization started
2019-08-03 18:56:35.942|INFO|org.springframework.context.support.AbstractApplicationContext.prepareRefresh(AbstractApplicationContext.java:573)|Refreshing WebApplicationContext for namespace 'springMVC-servlet': startup date [Sat Aug 03 18:56:35 CST 2019]; parent: Root WebApplicationContext
2019-08-03 18:56:35.950|INFO|org.springframework.beans.factory.xml.XmlBeanDefinitionReader.loadBeanDefinitions(XmlBeanDefinitionReader.java:317)|Loading XML bean definitions from file [D:\Program Files\eclipse\eclipse-Maven1\SSM42\target\classes\spring\spring-context.xml]
2019-08-03 18:56:36.058|INFO|org.springframework.beans.factory.xml.XmlBeanDefinitionReader.loadBeanDefinitions(XmlBeanDefinitionReader.java:317)|Loading XML bean definitions from file [D:\Program Files\eclipse\eclipse-Maven1\SSM42\target\classes\spring\spring-mvc.xml]
2019-08-03 18:56:36.233|WARN|org.mybatis.spring.mapper.ClassPathMapperScanner.doScan(ClassPathMapperScanner.java:155)|No MyBatis mapper was found in '[yfx.dao]' package. Please check your configuration.
2019-08-03 18:56:36.244|INFO|org.springframework.core.io.support.PropertiesLoaderSupport.loadProperties(PropertiesLoaderSupport.java:172)|Loading properties file from class path resource [jdbc.properties]
2019-08-03 18:56:36.253|INFO|org.springframework.beans.factory.annotation.AutowiredAnnotationBeanPostProcessor.<init>(AutowiredAnnotationBeanPostProcessor.java:153)|JSR-330 'javax.inject.Inject' annotation found and supported for autowiring
2019-08-03 18:56:36.281|INFO|org.springframework.jdbc.datasource.DriverManagerDataSource.setDriverClassName(DriverManagerDataSource.java:133)|Loaded JDBC driver: com.mysql.jdbc.Driver
2019-08-03 18:56:36.297|DEBUG|org.mybatis.spring.SqlSessionFactoryBean.buildSqlSessionFactory(SqlSessionFactoryBean.java:358)|Property 'configLocation' not specified, using default MyBatis Configuration
2019-08-03 18:56:36.321|DEBUG|org.mybatis.spring.SqlSessionFactoryBean.buildSqlSessionFactory(SqlSessionFactoryBean.java:379)|Scanned package: 'yfx.model' for aliases
2019-08-03 18:56:36.337|DEBUG|org.mybatis.spring.SqlSessionFactoryBean.buildSqlSessionFactory(SqlSessionFactoryBean.java:473)|Property 'mapperLocations' was not specified or no matching resources found
2019-08-03 18:56:36.404|INFO|org.springframework.web.servlet.handler.AbstractHandlerMethodMapping$MappingRegistry.register(AbstractHandlerMethodMapping.java:532)|Mapped "{[/login]}" onto public java.lang.String yfx.controller.LoginController.LoginTesT(yfx.model.User)
2019-08-03 18:56:36.489|INFO|org.springframework.web.servlet.mvc.method.annotation.RequestMappingHandlerAdapter.initControllerAdviceCache(RequestMappingHandlerAdapter.java:532)|Looking for @ControllerAdvice: WebApplicationContext for namespace 'springMVC-servlet': startup date [Sat Aug 03 18:56:35 CST 2019]; parent: Root WebApplicationContext
2019-08-03 18:56:36.541|INFO|org.springframework.web.servlet.mvc.method.annotation.RequestMappingHandlerAdapter.initControllerAdviceCache(RequestMappingHandlerAdapter.java:532)|Looking for @ControllerAdvice: WebApplicationContext for namespace 'springMVC-servlet': startup date [Sat Aug 03 18:56:35 CST 2019]; parent: Root WebApplicationContext
2019-08-03 18:56:36.851|INFO|org.springframework.web.servlet.FrameworkServlet.initServletBean(FrameworkServlet.java:507)|FrameworkServlet 'springMVC': initialization completed in 921 ms
2019-08-03 18:56:47.471|WARN|org.springframework.web.servlet.DispatcherServlet.noHandlerFound(DispatcherServlet.java:1136)|No mapping found for HTTP request with URI [/favicon.ico] in DispatcherServlet with name 'springMVC'
2019-08-03 18:58:50.199|INFO|org.springframework.web.context.ContextLoader.initWebApplicationContext(ContextLoader.java:307)|Root WebApplicationContext: initialization started
2019-08-03 18:58:51.059|INFO|org.springframework.context.support.AbstractApplicationContext.prepareRefresh(AbstractApplicationContext.java:573)|Refreshing Root WebApplicationContext: startup date [Sat Aug 03 18:58:51 CST 2019]; root of context hierarchy
2019-08-03 18:58:51.365|INFO|org.springframework.beans.factory.xml.XmlBeanDefinitionReader.loadBeanDefinitions(XmlBeanDefinitionReader.java:317)|Loading XML bean definitions from file [D:\Program Files\eclipse\eclipse-Maven1\SSM42\target\classes\spring\spring-context.xml]
2019-08-03 18:58:51.950|INFO|org.springframework.beans.factory.xml.XmlBeanDefinitionReader.loadBeanDefinitions(XmlBeanDefinitionReader.java:317)|Loading XML bean definitions from file [D:\Program Files\eclipse\eclipse-Maven1\SSM42\target\classes\spring\spring-mvc.xml]
2019-08-03 18:58:52.879|WARN|org.mybatis.spring.mapper.ClassPathMapperScanner.doScan(ClassPathMapperScanner.java:155)|No MyBatis mapper was found in '[yfx.dao]' package. Please check your configuration.
2019-08-03 18:58:52.926|INFO|org.springframework.core.io.support.PropertiesLoaderSupport.loadProperties(PropertiesLoaderSupport.java:172)|Loading properties file from class path resource [jdbc.properties]
2019-08-03 18:58:52.952|INFO|org.springframework.beans.factory.annotation.AutowiredAnnotationBeanPostProcessor.<init>(AutowiredAnnotationBeanPostProcessor.java:153)|JSR-330 'javax.inject.Inject' annotation found and supported for autowiring
2019-08-03 18:58:53.373|INFO|org.springframework.jdbc.datasource.DriverManagerDataSource.setDriverClassName(DriverManagerDataSource.java:133)|Loaded JDBC driver: com.mysql.jdbc.Driver
2019-08-03 18:58:53.600|DEBUG|org.mybatis.spring.SqlSessionFactoryBean.buildSqlSessionFactory(SqlSessionFactoryBean.java:358)|Property 'configLocation' not specified, using default MyBatis Configuration
2019-08-03 18:58:53.969|DEBUG|org.mybatis.spring.SqlSessionFactoryBean.buildSqlSessionFactory(SqlSessionFactoryBean.java:379)|Scanned package: 'yfx.model' for aliases
2019-08-03 18:58:54.582|DEBUG|org.mybatis.spring.SqlSessionFactoryBean.buildSqlSessionFactory(SqlSessionFactoryBean.java:473)|Property 'mapperLocations' was not specified or no matching resources found
2019-08-03 18:58:55.148|INFO|org.springframework.web.servlet.handler.AbstractHandlerMethodMapping$MappingRegistry.register(AbstractHandlerMethodMapping.java:532)|Mapped "{[/login]}" onto public java.lang.String yfx.controller.LoginController.LoginTesT(yfx.model.User)
2019-08-03 18:58:55.630|INFO|org.springframework.web.servlet.mvc.method.annotation.RequestMappingHandlerAdapter.initControllerAdviceCache(RequestMappingHandlerAdapter.java:532)|Looking for @ControllerAdvice: Root WebApplicationContext: startup date [Sat Aug 03 18:58:51 CST 2019]; root of context hierarchy
2019-08-03 18:58:56.053|INFO|org.springframework.web.servlet.mvc.method.annotation.RequestMappingHandlerAdapter.initControllerAdviceCache(RequestMappingHandlerAdapter.java:532)|Looking for @ControllerAdvice: Root WebApplicationContext: startup date [Sat Aug 03 18:58:51 CST 2019]; root of context hierarchy
2019-08-03 18:58:56.379|INFO|org.springframework.web.context.ContextLoader.initWebApplicationContext(ContextLoader.java:347)|Root WebApplicationContext: initialization completed in 6121 ms
2019-08-03 18:58:56.501|INFO|org.springframework.web.servlet.FrameworkServlet.initServletBean(FrameworkServlet.java:488)|FrameworkServlet 'springMVC': initialization started
2019-08-03 18:58:56.510|INFO|org.springframework.context.support.AbstractApplicationContext.prepareRefresh(AbstractApplicationContext.java:573)|Refreshing WebApplicationContext for namespace 'springMVC-servlet': startup date [Sat Aug 03 18:58:56 CST 2019]; parent: Root WebApplicationContext
2019-08-03 18:58:56.515|INFO|org.springframework.beans.factory.xml.XmlBeanDefinitionReader.loadBeanDefinitions(XmlBeanDefinitionReader.java:317)|Loading XML bean definitions from file [D:\Program Files\eclipse\eclipse-Maven1\SSM42\target\classes\spring\spring-context.xml]
2019-08-03 18:58:56.611|INFO|org.springframework.beans.factory.xml.XmlBeanDefinitionReader.loadBeanDefinitions(XmlBeanDefinitionReader.java:317)|Loading XML bean definitions from file [D:\Program Files\eclipse\eclipse-Maven1\SSM42\target\classes\spring\spring-mvc.xml]
2019-08-03 18:58:56.707|WARN|org.mybatis.spring.mapper.ClassPathMapperScanner.doScan(ClassPathMapperScanner.java:155)|No MyBatis mapper was found in '[yfx.dao]' package. Please check your configuration.
2019-08-03 18:58:56.713|INFO|org.springframework.core.io.support.PropertiesLoaderSupport.loadProperties(PropertiesLoaderSupport.java:172)|Loading properties file from class path resource [jdbc.properties]
2019-08-03 18:58:56.721|INFO|org.springframework.beans.factory.annotation.AutowiredAnnotationBeanPostProcessor.<init>(AutowiredAnnotationBeanPostProcessor.java:153)|JSR-330 'javax.inject.Inject' annotation found and supported for autowiring
2019-08-03 18:58:56.741|INFO|org.springframework.jdbc.datasource.DriverManagerDataSource.setDriverClassName(DriverManagerDataSource.java:133)|Loaded JDBC driver: com.mysql.jdbc.Driver
2019-08-03 18:58:56.760|DEBUG|org.mybatis.spring.SqlSessionFactoryBean.buildSqlSessionFactory(SqlSessionFactoryBean.java:358)|Property 'configLocation' not specified, using default MyBatis Configuration
2019-08-03 18:58:56.771|DEBUG|org.mybatis.spring.SqlSessionFactoryBean.buildSqlSessionFactory(SqlSessionFactoryBean.java:379)|Scanned package: 'yfx.model' for aliases
2019-08-03 18:58:56.787|DEBUG|org.mybatis.spring.SqlSessionFactoryBean.buildSqlSessionFactory(SqlSessionFactoryBean.java:473)|Property 'mapperLocations' was not specified or no matching resources found
2019-08-03 18:58:56.826|INFO|org.springframework.web.servlet.handler.AbstractHandlerMethodMapping$MappingRegistry.register(AbstractHandlerMethodMapping.java:532)|Mapped "{[/login]}" onto public java.lang.String yfx.controller.LoginController.LoginTesT(yfx.model.User)
2019-08-03 18:58:56.970|INFO|org.springframework.web.servlet.mvc.method.annotation.RequestMappingHandlerAdapter.initControllerAdviceCache(RequestMappingHandlerAdapter.java:532)|Looking for @ControllerAdvice: WebApplicationContext for namespace 'springMVC-servlet': startup date [Sat Aug 03 18:58:56 CST 2019]; parent: Root WebApplicationContext
2019-08-03 18:58:57.040|INFO|org.springframework.web.servlet.mvc.method.annotation.RequestMappingHandlerAdapter.initControllerAdviceCache(RequestMappingHandlerAdapter.java:532)|Looking for @ControllerAdvice: WebApplicationContext for namespace 'springMVC-servlet': startup date [Sat Aug 03 18:58:56 CST 2019]; parent: Root WebApplicationContext
2019-08-03 18:58:57.237|INFO|org.springframework.web.servlet.FrameworkServlet.initServletBean(FrameworkServlet.java:507)|FrameworkServlet 'springMVC': initialization completed in 735 ms
2019-08-03 19:02:47.316|INFO|org.springframework.web.context.ContextLoader.initWebApplicationContext(ContextLoader.java:307)|Root WebApplicationContext: initialization started
2019-08-03 19:02:47.611|INFO|org.springframework.context.support.AbstractApplicationContext.prepareRefresh(AbstractApplicationContext.java:573)|Refreshing Root WebApplicationContext: startup date [Sat Aug 03 19:02:47 CST 2019]; root of context hierarchy
2019-08-03 19:02:47.755|INFO|org.springframework.beans.factory.xml.XmlBeanDefinitionReader.loadBeanDefinitions(XmlBeanDefinitionReader.java:317)|Loading XML bean definitions from file [D:\Program Files\eclipse\eclipse-Maven1\SSM42\target\classes\spring\spring-context.xml]
2019-08-03 19:02:48.226|INFO|org.springframework.beans.factory.xml.XmlBeanDefinitionReader.loadBeanDefinitions(XmlBeanDefinitionReader.java:317)|Loading XML bean definitions from file [D:\Program Files\eclipse\eclipse-Maven1\SSM42\target\classes\spring\spring-mvc.xml]
2019-08-03 19:02:48.964|WARN|org.mybatis.spring.mapper.ClassPathMapperScanner.doScan(ClassPathMapperScanner.java:155)|No MyBatis mapper was found in '[yfx.dao]' package. Please check your configuration.
2019-08-03 19:02:49.002|INFO|org.springframework.core.io.support.PropertiesLoaderSupport.loadProperties(PropertiesLoaderSupport.java:172)|Loading properties file from class path resource [jdbc.properties]
2019-08-03 19:02:49.020|INFO|org.springframework.beans.factory.annotation.AutowiredAnnotationBeanPostProcessor.<init>(AutowiredAnnotationBeanPostProcessor.java:153)|JSR-330 'javax.inject.Inject' annotation found and supported for autowiring
2019-08-03 19:02:49.330|INFO|org.springframework.jdbc.datasource.DriverManagerDataSource.setDriverClassName(DriverManagerDataSource.java:133)|Loaded JDBC driver: com.mysql.jdbc.Driver
2019-08-03 19:02:49.510|DEBUG|org.mybatis.spring.SqlSessionFactoryBean.buildSqlSessionFactory(SqlSessionFactoryBean.java:358)|Property 'configLocation' not specified, using default MyBatis Configuration
2019-08-03 19:02:49.755|DEBUG|org.mybatis.spring.SqlSessionFactoryBean.buildSqlSessionFactory(SqlSessionFactoryBean.java:379)|Scanned package: 'yfx.model' for aliases
2019-08-03 19:02:50.487|DEBUG|org.mybatis.spring.SqlSessionFactoryBean.buildSqlSessionFactory(SqlSessionFactoryBean.java:473)|Property 'mapperLocations' was not specified or no matching resources found
2019-08-03 19:02:51.141|INFO|org.springframework.web.servlet.handler.AbstractHandlerMethodMapping$MappingRegistry.register(AbstractHandlerMethodMapping.java:532)|Mapped "{[/list]}" onto public java.lang.String yfx.controller.LoginController.listTest()
2019-08-03 19:02:51.154|INFO|org.springframework.web.servlet.handler.AbstractHandlerMethodMapping$MappingRegistry.register(AbstractHandlerMethodMapping.java:532)|Mapped "{[/login]}" onto public java.lang.String yfx.controller.LoginController.LoginTesT(yfx.model.User,org.springframework.ui.Model)
2019-08-03 19:02:51.744|INFO|org.springframework.web.servlet.mvc.method.annotation.RequestMappingHandlerAdapter.initControllerAdviceCache(RequestMappingHandlerAdapter.java:532)|Looking for @ControllerAdvice: Root WebApplicationContext: startup date [Sat Aug 03 19:02:47 CST 2019]; root of context hierarchy
2019-08-03 19:02:51.915|INFO|org.springframework.web.servlet.mvc.method.annotation.RequestMappingHandlerAdapter.initControllerAdviceCache(RequestMappingHandlerAdapter.java:532)|Looking for @ControllerAdvice: Root WebApplicationContext: startup date [Sat Aug 03 19:02:47 CST 2019]; root of context hierarchy
2019-08-03 19:02:52.557|INFO|org.springframework.web.context.ContextLoader.initWebApplicationContext(ContextLoader.java:347)|Root WebApplicationContext: initialization completed in 5234 ms
2019-08-03 19:02:52.661|INFO|org.springframework.web.servlet.FrameworkServlet.initServletBean(FrameworkServlet.java:488)|FrameworkServlet 'springMVC': initialization started
2019-08-03 19:02:52.671|INFO|org.springframework.context.support.AbstractApplicationContext.prepareRefresh(AbstractApplicationContext.java:573)|Refreshing WebApplicationContext for namespace 'springMVC-servlet': startup date [Sat Aug 03 19:02:52 CST 2019]; parent: Root WebApplicationContext
2019-08-03 19:02:52.676|INFO|org.springframework.beans.factory.xml.XmlBeanDefinitionReader.loadBeanDefinitions(XmlBeanDefinitionReader.java:317)|Loading XML bean definitions from file [D:\Program Files\eclipse\eclipse-Maven1\SSM42\target\classes\spring\spring-context.xml]
2019-08-03 19:02:52.764|INFO|org.springframework.beans.factory.xml.XmlBeanDefinitionReader.loadBeanDefinitions(XmlBeanDefinitionReader.java:317)|Loading XML bean definitions from file [D:\Program Files\eclipse\eclipse-Maven1\SSM42\target\classes\spring\spring-mvc.xml]
2019-08-03 19:02:52.844|WARN|org.mybatis.spring.mapper.ClassPathMapperScanner.doScan(ClassPathMapperScanner.java:155)|No MyBatis mapper was found in '[yfx.dao]' package. Please check your configuration.
2019-08-03 19:02:52.850|INFO|org.springframework.core.io.support.PropertiesLoaderSupport.loadProperties(PropertiesLoaderSupport.java:172)|Loading properties file from class path resource [jdbc.properties]
2019-08-03 19:02:52.857|INFO|org.springframework.beans.factory.annotation.AutowiredAnnotationBeanPostProcessor.<init>(AutowiredAnnotationBeanPostProcessor.java:153)|JSR-330 'javax.inject.Inject' annotation found and supported for autowiring
2019-08-03 19:02:52.881|INFO|org.springframework.jdbc.datasource.DriverManagerDataSource.setDriverClassName(DriverManagerDataSource.java:133)|Loaded JDBC driver: com.mysql.jdbc.Driver
2019-08-03 19:02:52.896|DEBUG|org.mybatis.spring.SqlSessionFactoryBean.buildSqlSessionFactory(SqlSessionFactoryBean.java:358)|Property 'configLocation' not specified, using default MyBatis Configuration
2019-08-03 19:02:52.908|DEBUG|org.mybatis.spring.SqlSessionFactoryBean.buildSqlSessionFactory(SqlSessionFactoryBean.java:379)|Scanned package: 'yfx.model' for aliases
2019-08-03 19:02:52.923|DEBUG|org.mybatis.spring.SqlSessionFactoryBean.buildSqlSessionFactory(SqlSessionFactoryBean.java:473)|Property 'mapperLocations' was not specified or no matching resources found
2019-08-03 19:02:52.967|INFO|org.springframework.web.servlet.handler.AbstractHandlerMethodMapping$MappingRegistry.register(AbstractHandlerMethodMapping.java:532)|Mapped "{[/list]}" onto public java.lang.String yfx.controller.LoginController.listTest()
2019-08-03 19:02:52.969|INFO|org.springframework.web.servlet.handler.AbstractHandlerMethodMapping$MappingRegistry.register(AbstractHandlerMethodMapping.java:532)|Mapped "{[/login]}" onto public java.lang.String yfx.controller.LoginController.LoginTesT(yfx.model.User,org.springframework.ui.Model)
2019-08-03 19:02:53.042|INFO|org.springframework.web.servlet.mvc.method.annotation.RequestMappingHandlerAdapter.initControllerAdviceCache(RequestMappingHandlerAdapter.java:532)|Looking for @ControllerAdvice: WebApplicationContext for namespace 'springMVC-servlet': startup date [Sat Aug 03 19:02:52 CST 2019]; parent: Root WebApplicationContext
2019-08-03 19:02:53.088|INFO|org.springframework.web.servlet.mvc.method.annotation.RequestMappingHandlerAdapter.initControllerAdviceCache(RequestMappingHandlerAdapter.java:532)|Looking for @ControllerAdvice: WebApplicationContext for namespace 'springMVC-servlet': startup date [Sat Aug 03 19:02:52 CST 2019]; parent: Root WebApplicationContext
2019-08-03 19:02:53.324|INFO|org.springframework.web.servlet.FrameworkServlet.initServletBean(FrameworkServlet.java:507)|FrameworkServlet 'springMVC': initialization completed in 662 ms
2019-08-03 19:14:32.949|INFO|org.springframework.web.context.ContextLoader.initWebApplicationContext(ContextLoader.java:307)|Root WebApplicationContext: initialization started
2019-08-03 19:14:33.280|INFO|org.springframework.context.support.AbstractApplicationContext.prepareRefresh(AbstractApplicationContext.java:573)|Refreshing Root WebApplicationContext: startup date [Sat Aug 03 19:14:33 CST 2019]; root of context hierarchy
2019-08-03 19:14:33.436|INFO|org.springframework.beans.factory.xml.XmlBeanDefinitionReader.loadBeanDefinitions(XmlBeanDefinitionReader.java:317)|Loading XML bean definitions from file [D:\Program Files\eclipse\eclipse-Maven1\SSM42\target\classes\spring\spring-context.xml]
2019-08-03 19:14:33.922|INFO|org.springframework.beans.factory.xml.XmlBeanDefinitionReader.loadBeanDefinitions(XmlBeanDefinitionReader.java:317)|Loading XML bean definitions from file [D:\Program Files\eclipse\eclipse-Maven1\SSM42\target\classes\spring\spring-mvc.xml]
2019-08-03 19:14:34.797|WARN|org.mybatis.spring.mapper.ClassPathMapperScanner.doScan(ClassPathMapperScanner.java:155)|No MyBatis mapper was found in '[yfx.dao]' package. Please check your configuration.
2019-08-03 19:14:34.829|INFO|org.springframework.core.io.support.PropertiesLoaderSupport.loadProperties(PropertiesLoaderSupport.java:172)|Loading properties file from class path resource [jdbc.properties]
2019-08-03 19:14:34.844|INFO|org.springframework.beans.factory.annotation.AutowiredAnnotationBeanPostProcessor.<init>(AutowiredAnnotationBeanPostProcessor.java:153)|JSR-330 'javax.inject.Inject' annotation found and supported for autowiring
2019-08-03 19:14:35.195|INFO|org.springframework.jdbc.datasource.DriverManagerDataSource.setDriverClassName(DriverManagerDataSource.java:133)|Loaded JDBC driver: com.mysql.jdbc.Driver
2019-08-03 19:14:35.429|DEBUG|org.mybatis.spring.SqlSessionFactoryBean.buildSqlSessionFactory(SqlSessionFactoryBean.java:358)|Property 'configLocation' not specified, using default MyBatis Configuration
2019-08-03 19:14:35.835|DEBUG|org.mybatis.spring.SqlSessionFactoryBean.buildSqlSessionFactory(SqlSessionFactoryBean.java:379)|Scanned package: 'yfx.model' for aliases
2019-08-03 19:14:36.396|DEBUG|org.mybatis.spring.SqlSessionFactoryBean.buildSqlSessionFactory(SqlSessionFactoryBean.java:473)|Property 'mapperLocations' was not specified or no matching resources found
2019-08-03 19:14:37.051|INFO|org.springframework.web.servlet.handler.AbstractHandlerMethodMapping$MappingRegistry.register(AbstractHandlerMethodMapping.java:532)|Mapped "{[/list]}" onto public java.lang.String yfx.controller.LoginController.listTest()
2019-08-03 19:14:37.051|INFO|org.springframework.web.servlet.handler.AbstractHandlerMethodMapping$MappingRegistry.register(AbstractHandlerMethodMapping.java:532)|Mapped "{[/login]}" onto public java.lang.String yfx.controller.LoginController.LoginTesT(yfx.model.User,org.springframework.ui.Model,javax.servlet.http.HttpSession)
2019-08-03 19:14:37.785|INFO|org.springframework.web.servlet.mvc.method.annotation.RequestMappingHandlerAdapter.initControllerAdviceCache(RequestMappingHandlerAdapter.java:532)|Looking for @ControllerAdvice: Root WebApplicationContext: startup date [Sat Aug 03 19:14:33 CST 2019]; root of context hierarchy
2019-08-03 19:14:37.978|INFO|org.springframework.web.servlet.mvc.method.annotation.RequestMappingHandlerAdapter.initControllerAdviceCache(RequestMappingHandlerAdapter.java:532)|Looking for @ControllerAdvice: Root WebApplicationContext: startup date [Sat Aug 03 19:14:33 CST 2019]; root of context hierarchy
2019-08-03 19:14:38.269|INFO|org.springframework.web.context.ContextLoader.initWebApplicationContext(ContextLoader.java:347)|Root WebApplicationContext: initialization completed in 5320 ms
2019-08-03 19:14:38.464|INFO|org.springframework.web.servlet.FrameworkServlet.initServletBean(FrameworkServlet.java:488)|FrameworkServlet 'springMVC': initialization started
2019-08-03 19:14:38.470|INFO|org.springframework.context.support.AbstractApplicationContext.prepareRefresh(AbstractApplicationContext.java:573)|Refreshing WebApplicationContext for namespace 'springMVC-servlet': startup date [Sat Aug 03 19:14:38 CST 2019]; parent: Root WebApplicationContext
2019-08-03 19:14:38.486|INFO|org.springframework.beans.factory.xml.XmlBeanDefinitionReader.loadBeanDefinitions(XmlBeanDefinitionReader.java:317)|Loading XML bean definitions from file [D:\Program Files\eclipse\eclipse-Maven1\SSM42\target\classes\spring\spring-context.xml]
2019-08-03 19:14:38.660|INFO|org.springframework.beans.factory.xml.XmlBeanDefinitionReader.loadBeanDefinitions(XmlBeanDefinitionReader.java:317)|Loading XML bean definitions from file [D:\Program Files\eclipse\eclipse-Maven1\SSM42\target\classes\spring\spring-mvc.xml]
2019-08-03 19:14:38.789|WARN|org.mybatis.spring.mapper.ClassPathMapperScanner.doScan(ClassPathMapperScanner.java:155)|No MyBatis mapper was found in '[yfx.dao]' package. Please check your configuration.
2019-08-03 19:14:38.795|INFO|org.springframework.core.io.support.PropertiesLoaderSupport.loadProperties(PropertiesLoaderSupport.java:172)|Loading properties file from class path resource [jdbc.properties]
2019-08-03 19:14:38.803|INFO|org.springframework.beans.factory.annotation.AutowiredAnnotationBeanPostProcessor.<init>(AutowiredAnnotationBeanPostProcessor.java:153)|JSR-330 'javax.inject.Inject' annotation found and supported for autowiring
2019-08-03 19:14:38.826|INFO|org.springframework.jdbc.datasource.DriverManagerDataSource.setDriverClassName(DriverManagerDataSource.java:133)|Loaded JDBC driver: com.mysql.jdbc.Driver
2019-08-03 19:14:38.847|DEBUG|org.mybatis.spring.SqlSessionFactoryBean.buildSqlSessionFactory(SqlSessionFactoryBean.java:358)|Property 'configLocation' not specified, using default MyBatis Configuration
2019-08-03 19:14:38.860|DEBUG|org.mybatis.spring.SqlSessionFactoryBean.buildSqlSessionFactory(SqlSessionFactoryBean.java:379)|Scanned package: 'yfx.model' for aliases
2019-08-03 19:14:38.876|DEBUG|org.mybatis.spring.SqlSessionFactoryBean.buildSqlSessionFactory(SqlSessionFactoryBean.java:473)|Property 'mapperLocations' was not specified or no matching resources found
2019-08-03 19:14:38.935|INFO|org.springframework.web.servlet.handler.AbstractHandlerMethodMapping$MappingRegistry.register(AbstractHandlerMethodMapping.java:532)|Mapped "{[/list]}" onto public java.lang.String yfx.controller.LoginController.listTest()
2019-08-03 19:14:38.938|INFO|org.springframework.web.servlet.handler.AbstractHandlerMethodMapping$MappingRegistry.register(AbstractHandlerMethodMapping.java:532)|Mapped "{[/login]}" onto public java.lang.String yfx.controller.LoginController.LoginTesT(yfx.model.User,org.springframework.ui.Model,javax.servlet.http.HttpSession)
2019-08-03 19:14:38.973|INFO|org.springframework.web.servlet.mvc.method.annotation.RequestMappingHandlerAdapter.initControllerAdviceCache(RequestMappingHandlerAdapter.java:532)|Looking for @ControllerAdvice: WebApplicationContext for namespace 'springMVC-servlet': startup date [Sat Aug 03 19:14:38 CST 2019]; parent: Root WebApplicationContext
2019-08-03 19:14:39.020|INFO|org.springframework.web.servlet.mvc.method.annotation.RequestMappingHandlerAdapter.initControllerAdviceCache(RequestMappingHandlerAdapter.java:532)|Looking for @ControllerAdvice: WebApplicationContext for namespace 'springMVC-servlet': startup date [Sat Aug 03 19:14:38 CST 2019]; parent: Root WebApplicationContext
2019-08-03 19:14:39.257|INFO|org.springframework.web.servlet.FrameworkServlet.initServletBean(FrameworkServlet.java:507)|FrameworkServlet 'springMVC': initialization completed in 792 ms
2019-08-03 19:14:58.527|WARN|org.springframework.web.servlet.DispatcherServlet.noHandlerFound(DispatcherServlet.java:1136)|No mapping found for HTTP request with URI [/favicon.ico] in DispatcherServlet with name 'springMVC'
